INFO:root:Valid
INFO:root:division by zero
ERROR:root:division by zero
INFO:root:Valid
INFO:root:Valid
ERROR:root:underage
ERROR:root:underage
ERROR:root:Invalid
ERROR:root:Sorry due to medical reason cannot apply
INFO:root:Exception

INFO:root:Hierarchy for Built-in exceptions is : 
INFO:root:Exception
INFO:root:-----TypeError
INFO:root:----------FloatOperation
INFO:root:----------MultipartConversionError
INFO:root:-----StopAsyncIteration
INFO:root:-----StopIteration
INFO:root:-----ImportError
INFO:root:----------ModuleNotFoundError
INFO:root:----------ZipImportError
INFO:root:-----OSError
INFO:root:----------ConnectionError
INFO:root:---------------BrokenPipeError
INFO:root:---------------ConnectionAbortedError
INFO:root:---------------ConnectionRefusedError
INFO:root:---------------ConnectionResetError
INFO:root:--------------------RemoteDisconnected
INFO:root:----------BlockingIOError
INFO:root:----------ChildProcessError
INFO:root:----------FileExistsError
INFO:root:----------FileNotFoundError
INFO:root:----------IsADirectoryError
INFO:root:----------NotADirectoryError
INFO:root:----------InterruptedError
INFO:root:---------------InterruptedSystemCall
INFO:root:----------PermissionError
INFO:root:----------ProcessLookupError
INFO:root:----------TimeoutError
INFO:root:----------UnsupportedOperation
INFO:root:----------herror
INFO:root:----------gaierror
INFO:root:----------SSLError
INFO:root:---------------SSLCertVerificationError
INFO:root:---------------SSLZeroReturnError
INFO:root:---------------SSLWantWriteError
INFO:root:---------------SSLWantReadError
INFO:root:---------------SSLSyscallError
INFO:root:---------------SSLEOFError
INFO:root:----------Error
INFO:root:---------------SameFileError
INFO:root:----------SpecialFileError
INFO:root:----------ExecError
INFO:root:----------ReadError
INFO:root:----------URLError
INFO:root:---------------HTTPError
INFO:root:---------------ContentTooShortError
INFO:root:----------BadGzipFile
INFO:root:-----EOFError
INFO:root:----------IncompleteReadError
INFO:root:-----RuntimeError
INFO:root:----------RecursionError
INFO:root:----------NotImplementedError
INFO:root:---------------ZMQVersionError
INFO:root:---------------StdinNotImplementedError
INFO:root:----------_DeadlockError
INFO:root:----------BrokenBarrierError
INFO:root:----------BrokenExecutor
INFO:root:---------------BrokenThreadPool
INFO:root:----------SendfileNotAvailableError
INFO:root:----------ExtractionError
INFO:root:----------VariableError
INFO:root:-----NameError
INFO:root:----------UnboundLocalError
INFO:root:-----AttributeError
INFO:root:----------FrozenInstanceError
INFO:root:-----SyntaxError
INFO:root:----------IndentationError
INFO:root:---------------TabError
INFO:root:-----LookupError
INFO:root:----------IndexError
INFO:root:----------KeyError
INFO:root:---------------NoSuchKernel
INFO:root:---------------UnknownBackend
INFO:root:----------CodecRegistryError
INFO:root:-----ValueError
INFO:root:----------UnicodeError
INFO:root:---------------UnicodeEncodeError
INFO:root:---------------UnicodeDecodeError
INFO:root:---------------UnicodeTranslateError
INFO:root:----------UnsupportedOperation
INFO:root:----------JSONDecodeError
INFO:root:----------SSLCertVerificationError
INFO:root:----------Error
INFO:root:----------UnsupportedDigestmodError
INFO:root:----------IllegalMonthError
INFO:root:----------IllegalWeekdayError
INFO:root:----------ParserError
INFO:root:----------ClassNotFound
INFO:root:----------ClipboardEmpty
INFO:root:----------MessageDefect
INFO:root:---------------NoBoundaryInMultipartDefect
INFO:root:---------------StartBoundaryNotFoundDefect
INFO:root:---------------CloseBoundaryNotFoundDefect
INFO:root:---------------FirstHeaderLineIsContinuationDefect
INFO:root:---------------MisplacedEnvelopeHeaderDefect
INFO:root:---------------MissingHeaderBodySeparatorDefect
INFO:root:---------------MultipartInvariantViolationDefect
INFO:root:---------------InvalidMultipartContentTransferEncodingDefect
INFO:root:---------------UndecodableBytesDefect
INFO:root:---------------InvalidBase64PaddingDefect
INFO:root:---------------InvalidBase64CharactersDefect
INFO:root:---------------InvalidBase64LengthDefect
INFO:root:---------------HeaderDefect
INFO:root:--------------------InvalidHeaderDefect
INFO:root:--------------------HeaderMissingRequiredValue
INFO:root:--------------------NonPrintableDefect
INFO:root:--------------------ObsoleteHeaderDefect
INFO:root:--------------------NonASCIILocalPartDefect
INFO:root:--------------------InvalidDateDefect
INFO:root:----------MacroToEdit
INFO:root:----------InvalidFileException
INFO:root:----------UnequalIterablesError
INFO:root:----------InvalidVersion
INFO:root:----------_InvalidELFFileHeader
INFO:root:----------InvalidWheelFilename
INFO:root:----------InvalidSdistFilename
INFO:root:----------InvalidSpecifier
INFO:root:----------InvalidMarker
INFO:root:----------UndefinedComparison
INFO:root:----------UndefinedEnvironmentName
INFO:root:----------InvalidRequirement
INFO:root:---------------RequirementParseError
INFO:root:----------InvalidVersion
INFO:root:-----AssertionError
INFO:root:-----ArithmeticError
INFO:root:----------FloatingPointError
INFO:root:----------OverflowError
INFO:root:----------ZeroDivisionError
INFO:root:---------------DivisionByZero
INFO:root:---------------DivisionUndefined
INFO:root:----------DecimalException
INFO:root:---------------Clamped
INFO:root:---------------Rounded
INFO:root:--------------------Underflow
INFO:root:--------------------Overflow
INFO:root:---------------Inexact
INFO:root:--------------------Underflow
INFO:root:--------------------Overflow
INFO:root:---------------Subnormal
INFO:root:--------------------Underflow
INFO:root:---------------DivisionByZero
INFO:root:---------------FloatOperation
INFO:root:---------------InvalidOperation
INFO:root:--------------------ConversionSyntax
INFO:root:--------------------DivisionImpossible
INFO:root:--------------------DivisionUndefined
INFO:root:--------------------InvalidContext
INFO:root:-----SystemError
INFO:root:----------CodecRegistryError
INFO:root:-----ReferenceError
INFO:root:-----MemoryError
INFO:root:-----BufferError
INFO:root:-----Warning
INFO:root:----------UserWarning
INFO:root:---------------GetPassWarning
INFO:root:---------------FormatterWarning
INFO:root:----------EncodingWarning
INFO:root:----------DeprecationWarning
INFO:root:---------------ProvisionalWarning
INFO:root:----------PendingDeprecationWarning
INFO:root:----------SyntaxWarning
INFO:root:----------RuntimeWarning
INFO:root:---------------ProactorSelectorThreadWarning
INFO:root:---------------UnknownTimezoneWarning
INFO:root:---------------PEP440Warning
INFO:root:----------FutureWarning
INFO:root:---------------ProvisionalCompleterWarning
INFO:root:----------ImportWarning
INFO:root:----------UnicodeWarning
INFO:root:----------BytesWarning
INFO:root:----------ResourceWarning
INFO:root:----------DeprecatedTzFormatWarning
INFO:root:----------PkgResourcesDeprecationWarning
INFO:root:-----_OptionError
INFO:root:-----_Error
INFO:root:-----error
INFO:root:-----Verbose
INFO:root:-----Error
INFO:root:-----SubprocessError
INFO:root:----------CalledProcessError
INFO:root:----------TimeoutExpired
INFO:root:-----TokenError
INFO:root:-----StopTokenizing
INFO:root:-----ClassFoundException
INFO:root:-----EndOfBlock
INFO:root:-----TraitError
INFO:root:-----Error
INFO:root:-----Error
INFO:root:----------CancelledError
INFO:root:----------TimeoutError
INFO:root:----------InvalidStateError
INFO:root:-----_GiveupOnSendfile
INFO:root:-----error
INFO:root:-----Incomplete
INFO:root:-----TimeoutError
INFO:root:-----InvalidStateError
INFO:root:-----LimitOverrunError
INFO:root:-----QueueEmpty
INFO:root:-----QueueFull
INFO:root:-----error
INFO:root:-----LZMAError
INFO:root:-----RegistryError
INFO:root:-----_GiveupOnFastCopy
INFO:root:-----Empty
INFO:root:-----Full
INFO:root:-----ZMQBaseError
INFO:root:----------ZMQError
INFO:root:---------------ContextTerminated
INFO:root:---------------Again
INFO:root:---------------InterruptedSystemCall
INFO:root:----------ZMQBindError
INFO:root:----------NotDone
INFO:root:-----PickleError
INFO:root:----------PicklingError
INFO:root:----------UnpicklingError
INFO:root:-----_Stop
INFO:root:-----ArgumentError
INFO:root:-----ArgumentTypeError
INFO:root:-----ConfigError
INFO:root:----------ConfigLoaderError
INFO:root:---------------ArgumentError
INFO:root:----------ConfigFileNotFound
INFO:root:-----ConfigurableError
INFO:root:----------MultipleInstanceError
INFO:root:-----ApplicationError
INFO:root:-----TimeoutError
INFO:root:-----ArgumentError
INFO:root:-----COMError
INFO:root:-----ReturnValueIgnoredError
INFO:root:-----KeyReuseError
INFO:root:-----UnknownKeyError
INFO:root:-----LeakedCallbackError
INFO:root:-----BadYieldError
INFO:root:-----ReturnValueIgnoredError
INFO:root:-----Return
INFO:root:-----InvalidPortNumber
INFO:root:-----NoIPAddresses
INFO:root:-----BadZipFile
INFO:root:-----LargeZipFile
INFO:root:-----Error
INFO:root:----------NoSectionError
INFO:root:----------DuplicateSectionError
INFO:root:----------DuplicateOptionError
INFO:root:----------NoOptionError
INFO:root:----------InterpolationError
INFO:root:---------------InterpolationMissingOptionError
INFO:root:---------------InterpolationSyntaxError
INFO:root:---------------InterpolationDepthError
INFO:root:----------ParsingError
INFO:root:---------------MissingSectionHeaderError
INFO:root:-----BadEntryPoint
INFO:root:-----NoSuchEntryPoint
INFO:root:-----DuplicateKernelError
INFO:root:-----ErrorDuringImport
INFO:root:-----NotOneValueFound
INFO:root:-----CannotEval
INFO:root:-----OptionError
INFO:root:-----BdbQuit
INFO:root:-----Restart
INFO:root:-----FindCmdError
INFO:root:-----HomeDirError
INFO:root:-----ProfileDirError
INFO:root:-----IPythonCoreError
INFO:root:----------TryNext
INFO:root:----------UsageError
INFO:root:----------StdinNotImplementedError
INFO:root:-----InputRejected
INFO:root:-----GetoptError
INFO:root:-----ErrorToken
INFO:root:-----PrefilterError
INFO:root:-----AliasError
INFO:root:----------InvalidAliasError
INFO:root:-----Error
INFO:root:----------InterfaceError
INFO:root:----------DatabaseError
INFO:root:---------------InternalError
INFO:root:---------------OperationalError
INFO:root:---------------ProgrammingError
INFO:root:---------------IntegrityError
INFO:root:---------------DataError
INFO:root:---------------NotSupportedError
INFO:root:-----Warning
INFO:root:-----SpaceInInput
INFO:root:-----DOMException
INFO:root:----------IndexSizeErr
INFO:root:----------DomstringSizeErr
INFO:root:----------HierarchyRequestErr
INFO:root:----------WrongDocumentErr
INFO:root:----------InvalidCharacterErr
INFO:root:----------NoDataAllowedErr
INFO:root:----------NoModificationAllowedErr
INFO:root:----------NotFoundErr
INFO:root:----------NotSupportedErr
INFO:root:----------InuseAttributeErr
INFO:root:----------InvalidStateErr
INFO:root:----------SyntaxErr
INFO:root:----------InvalidModificationErr
INFO:root:----------NamespaceErr
INFO:root:----------InvalidAccessErr
INFO:root:----------ValidationErr
INFO:root:-----ValidationError
INFO:root:-----EditReadOnlyBuffer
INFO:root:-----_Retry
INFO:root:-----InvalidLayoutError
INFO:root:-----HeightIsUnknownError
INFO:root:-----GuardRejection
INFO:root:-----ParserSyntaxError
INFO:root:-----InternalParseError
INFO:root:-----_PositionUpdatingFinished
INFO:root:-----SimpleGetItemNotFound
INFO:root:-----UncaughtAttributeError
INFO:root:-----HasNoContext
INFO:root:-----ParamIssue
INFO:root:-----_JediError
INFO:root:----------InternalError
INFO:root:----------WrongVersion
INFO:root:----------RefactoringError
INFO:root:-----OnErrorLeaf
INFO:root:-----InvalidPythonEnvironment
INFO:root:-----MessageError
INFO:root:----------MessageParseError
INFO:root:---------------HeaderParseError
INFO:root:---------------BoundaryError
INFO:root:----------MultipartConversionError
INFO:root:----------CharsetError
INFO:root:-----Error
INFO:root:-----HTTPException
INFO:root:----------NotConnected
INFO:root:----------InvalidURL
INFO:root:----------UnknownProtocol
INFO:root:----------UnknownTransferEncoding
INFO:root:----------UnimplementedFileMode
INFO:root:----------IncompleteRead
INFO:root:----------ImproperConnectionState
INFO:root:---------------CannotSendRequest
INFO:root:---------------CannotSendHeader
INFO:root:---------------ResponseNotReady
INFO:root:----------BadStatusLine
INFO:root:---------------RemoteDisconnected
INFO:root:----------LineTooLong
INFO:root:-----InteractivelyDefined
INFO:root:-----KillEmbedded
INFO:root:-----Error
INFO:root:----------NoSuchProcess
INFO:root:---------------ZombieProcess
INFO:root:----------AccessDenied
INFO:root:----------TimeoutExpired
INFO:root:-----Error
INFO:root:-----TimeoutExpired
INFO:root:-----TimeoutAbandoned
INFO:root:-----QueueEmpty
INFO:root:-----QueueFull
INFO:root:-----ExpatError
INFO:root:-----Error
INFO:root:----------ProtocolError
INFO:root:----------ResponseError
INFO:root:----------Fault
INFO:root:-----error
INFO:root:-----com_error
INFO:root:-----internal_error
INFO:root:-----ParseBaseException
INFO:root:----------ParseException
INFO:root:----------ParseFatalException
INFO:root:---------------ParseSyntaxException
INFO:root:-----RecursiveGrammarException
INFO:root:-----ResolutionError
INFO:root:----------VersionConflict
INFO:root:---------------ContextualVersionConflict
INFO:root:----------DistributionNotFound
INFO:root:----------UnknownExtra
INFO:root:-----UnableToResolveVariableException
INFO:root:-----InvalidTypeInArgsException


INFO:root:Hierarchy for ArithmeticError is : 
INFO:root:ArithmeticError
INFO:root:-----FloatingPointError
INFO:root:-----OverflowError
INFO:root:-----ZeroDivisionError
INFO:root:----------DivisionByZero
INFO:root:----------DivisionUndefined
INFO:root:-----DecimalException
INFO:root:----------Clamped
INFO:root:----------Rounded
INFO:root:---------------Underflow
INFO:root:---------------Overflow
INFO:root:----------Inexact
INFO:root:---------------Underflow
INFO:root:---------------Overflow
INFO:root:----------Subnormal
INFO:root:---------------Underflow
INFO:root:----------DivisionByZero
INFO:root:----------FloatOperation
INFO:root:----------InvalidOperation
INFO:root:---------------ConversionSyntax
INFO:root:---------------DivisionImpossible
INFO:root:---------------DivisionUndefined
INFO:root:---------------InvalidContext


ERROR:root:Error: Division by zero



ERROR:root:Error: Key not found in dictionary
ERROR:root:Error: Index out of range
ERROR:root:Error: Module not found
